The generated account ID is: 0.0.3563463
Private key for 0.0.3563463 is 302e020100300506032b65700422042073b457df3d062fe19b0ca6996482cd77374c717c774f00fa0b0eb6b697df4ba0
Public key for 0.0.3563463 is 302a300506032b65700321003e94c5c085f18981ac58c330e526a5081b084a58e3b81311f152e8359afc9712
The initial account balance for 0.0.3563463 account is 300 ℏ
The generated account ID is: 0.0.3563464
Private key for 0.0.3563464 is 302e020100300506032b657004220420b427b2ae9f27af0c79bceba5d923ef4e292e6a448b19903ea13dd17b3ddbd02f
Public key for 0.0.3563464 is 302a300506032b65700321006f393c0cf5cf3d7393918c3124f4603769d249b8b2ca9db6eb46c11b103ffc83
The initial account balance for 0.0.3563464 account is 300 ℏ
The generated account ID is: 0.0.3563467
Private key for 0.0.3563467 is 302e020100300506032b657004220420ea09d6c6b4c9fd321ec9c92e24e5f937ccfe062e76683a37fbeed736283a7ce3
Public key for 0.0.3563467 is 302a300506032b65700321009742ad6252a687a9e9656c6483a96622745bf9786b7d36e5aeedb8361cd82e81
The initial account balance for 0.0.3563467 account is 300 ℏ
The generated account ID is: 0.0.3563470
Private key for 0.0.3563470 is 302e020100300506032b6570042204201ecc118984e79cebf3d21290d7cb2933bba3a1023fb1eed28e9e6a03dc12a3a2
Public key for 0.0.3563470 is 302a300506032b6570032100a177374d600ab8e202da54be75f65f32ca57f9927ee21f505a94c884965186b3
The initial account balance for 0.0.3563470 account is 300 ℏ
The generated account ID is: 0.0.3563471
Private key for 0.0.3563471 is 302e020100300506032b657004220420dc4aa3d5594f8c62614eb1194dc10596cf8ccfedc6ce70b80aa8329640a5194b
Public key for 0.0.3563471 is 302a300506032b65700321002114f3abaf848f3ab946c7461e2a5529aa78cdd5b10381b84481ff3c29bf19ff
The initial account balance for 0.0.3563471 account is 300 ℏ
{
  ACCOUNT5: {
    accountId: '0.0.3563471',
    publicKey: '302a300506032b65700321002114f3abaf848f3ab946c7461e2a5529aa78cdd5b10381b84481ff3c29bf19ff',
    privateKey: '302e020100300506032b657004220420dc4aa3d5594f8c62614eb1194dc10596cf8ccfedc6ce70b80aa8329640a5194b',
    balance: Hbar { _valueInTinybar: [BigNumber] }
  },
  ACCOUNT4: {
    accountId: '0.0.3563470',
    publicKey: '302a300506032b6570032100a177374d600ab8e202da54be75f65f32ca57f9927ee21f505a94c884965186b3',
    privateKey: '302e020100300506032b6570042204201ecc118984e79cebf3d21290d7cb2933bba3a1023fb1eed28e9e6a03dc12a3a2',
    balance: Hbar { _valueInTinybar: [BigNumber] }
  },
  ACCOUNT3: {
    accountId: '0.0.3563467',
    publicKey: '302a300506032b65700321009742ad6252a687a9e9656c6483a96622745bf9786b7d36e5aeedb8361cd82e81',
    privateKey: '302e020100300506032b657004220420ea09d6c6b4c9fd321ec9c92e24e5f937ccfe062e76683a37fbeed736283a7ce3',
    balance: Hbar { _valueInTinybar: [BigNumber] }
  },
  ACCOUNT2: {
    accountId: '0.0.3563464',
    publicKey: '302a300506032b65700321006f393c0cf5cf3d7393918c3124f4603769d249b8b2ca9db6eb46c11b103ffc83',
    privateKey: '302e020100300506032b657004220420b427b2ae9f27af0c79bceba5d923ef4e292e6a448b19903ea13dd17b3ddbd02f',
    balance: Hbar { _valueInTinybar: [BigNumber] }
  },
  ACCOUNT1: {
    accountId: '0.0.3563463',
    publicKey: '302a300506032b65700321003e94c5c085f18981ac58c330e526a5081b084a58e3b81311f152e8359afc9712',
    privateKey: '302e020100300506032b65700422042073b457df3d062fe19b0ca6996482cd77374c717c774f00fa0b0eb6b697df4ba0',
    balance: Hbar { _valueInTinybar: [BigNumber] }
  }
}
Data successfully saved to disk
