TransactionReceipt {
  status: Status { _code: 22 },
  accountId: null,
  fileId: null,
  contractId: null,
  topicId: null,
  tokenId: null,
  scheduleId: ScheduleId {
    shard: Long { low: 0, high: 0, unsigned: false },
    realm: Long { low: 0, high: 0, unsigned: false },
    num: Long { low: 3565864, high: 0, unsigned: false },
    _checksum: null
  },
  exchangeRate: ExchangeRate {
    hbars: 30000,
    cents: 243063,
    expirationTime: 2023-02-24T14:00:00.000Z,
    exchangeRateInCents: 8.1021
  },
  topicSequenceNumber: Long { low: 0, high: 0, unsigned: false },
  topicRunningHash: Uint8Array(0) [],
  totalSupply: Long { low: 0, high: 0, unsigned: false },
  scheduledTransactionId: TransactionId {
    accountId: AccountId {
      shard: [Long],
      realm: [Long],
      num: [Long],
      aliasKey: null,
      aliasEvmAddress: null,
      _checksum: null
    },
    validStart: Timestamp { seconds: [Long], nanos: [Long] },
    scheduled: true,
    nonce: null
  },
  serials: [],
  duplicates: [],
  children: []
}
The schedule ID is 0.0.3565864

The transaction consensus status is SUCCESS
