/Users/architadasgupta/Desktop/Project/Hedera/hedera-certification-2402/Hedera_certification/node_modules/@hashgraph/sdk/lib/ReceiptStatusError.cjs:45
    super(props, `receipt for transaction ${props.transactionId.toString()} contained error status ${props.status.toString()}`);
    ^

ReceiptStatusError: receipt for transaction 0.0.3121778@1677244806.197132411 contained error status TOKEN_IS_PAUSED
    at new ReceiptStatusError (/Users/architadasgupta/Desktop/Project/Hedera/hedera-certification-2402/Hedera_certification/node_modules/@hashgraph/sdk/lib/ReceiptStatusError.cjs:45:5)
    at TransactionReceiptQuery._mapStatusError (/Users/architadasgupta/Desktop/Project/Hedera/hedera-certification-2402/Hedera_certification/node_modules/@hashgraph/sdk/lib/transaction/TransactionReceiptQuery.cjs:326:12)
    at TransactionReceiptQuery.execute (/Users/architadasgupta/Desktop/Project/Hedera/hedera-certification-2402/Hedera_certification/node_modules/@hashgraph/sdk/lib/Executable.cjs:690:22)
    at processTicksAndRejections (node:internal/process/task_queues:96:5)
    at async TransactionResponse.getReceipt (/Users/architadasgupta/Desktop/Project/Hedera/hedera-certification-2402/Hedera_certification/node_modules/@hashgraph/sdk/lib/transaction/TransactionResponse.cjs:100:21)
    at async transferToken (/Users/architadasgupta/Desktop/Project/Hedera/hedera-certification-2402/Hedera_certification/02_Task_Token_Service/scripts/transferTokenAfterPause.js:68:21)
    at async main (/Users/architadasgupta/Desktop/Project/Hedera/hedera-certification-2402/Hedera_certification/02_Task_Token_Service/scripts/transferTokenAfterPause.js:47:5) {
  status: Status { _code: 265 },
  transactionId: TransactionId {
    accountId: AccountId {
      shard: Long { low: 0, high: 0, unsigned: false },
      realm: Long { low: 0, high: 0, unsigned: false },
      num: Long { low: 3121778, high: 0, unsigned: false },
      aliasKey: null,
      aliasEvmAddress: null,
      _checksum: null
    },
    validStart: Timestamp {
      seconds: Long { low: 1677244806, high: 0, unsigned: false },
      nanos: Long { low: 197132411, high: 0, unsigned: false }
    },
    scheduled: false,
    nonce: null
  },
  transactionReceipt: TransactionReceipt {
    status: Status { _code: 265 },
    accountId: null,
    fileId: null,
    contractId: null,
    topicId: null,
    tokenId: null,
    scheduleId: null,
    exchangeRate: ExchangeRate {
      hbars: 30000,
      cents: 243063,
      expirationTime: 2023-02-24T14:00:00.000Z,
      exchangeRateInCents: 8.1021
    },
    topicSequenceNumber: Long { low: 0, high: 0, unsigned: false },
    topicRunningHash: Uint8Array(0) [],
    totalSupply: Long { low: 0, high: 0, unsigned: false },
    scheduledTransactionId: null,
    serials: [],
    duplicates: [],
    children: []
  }
}
